\BOOKMARK [1][-]{section.1}{\376\377\220\073\217\221\126\336\137\122\213\306\122\053\142\113\121\231\145\160\133\127\145\131\172\013}{}% 1
\BOOKMARK [2][-]{subsection.1.1}{\376\377\116\343\170\001\151\202\211\310}{section.1}% 2
\BOOKMARK [3][-]{subsubsection.1.1.1}{\376\377\133\374\121\145\136\223}{subsection.1.1}% 3
\BOOKMARK [2][-]{subsection.1.2}{\376\377\000M\000N\000I\000S\000T\000\040\145\160\143\156\226\306}{section.1}% 4
\BOOKMARK [2][-]{subsection.1.3}{\376\377\145\160\143\156\230\204\131\004\164\006}{section.1}% 5
\BOOKMARK [3][-]{subsubsection.1.3.1}{\376\377\134\125\136\163\126\376\120\317}{subsection.1.3}% 6
\BOOKMARK [3][-]{subsubsection.1.3.2}{\376\377\137\122\116\000\123\026\122\060\000\040\000[\0000\000,\000\040\0001\000]}{subsection.1.3}% 7
\BOOKMARK [2][-]{subsection.1.4}{\376\377\220\073\217\221\126\336\137\122\152\041\127\213}{section.1}% 8
\BOOKMARK [3][-]{subsubsection.1.4.1}{\376\377\220\073\217\221\126\336\137\122\123\237\164\006}{subsection.1.4}% 9
\BOOKMARK [3][-]{subsubsection.1.4.2}{\376\377\215\205\123\302\145\160\211\343\221\312}{subsection.1.4}% 10
\BOOKMARK [2][-]{subsection.1.5}{\376\377\152\041\127\213\213\304\117\060}{section.1}% 11
\BOOKMARK [2][-]{subsection.1.6}{\376\377\220\073\217\221\126\336\137\122\150\070\137\303\145\160\133\146\121\154\137\017}{section.1}% 12
\BOOKMARK [3][-]{subsubsection.1.6.1}{\376\377\116\214\122\006\174\173\140\305\121\265}{subsection.1.6}% 13
\BOOKMARK [3][-]{subsubsection.1.6.2}{\376\377\131\032\122\006\174\173\140\305\121\265\377\010\000S\000o\000f\000t\000m\000a\000x\000\040\121\375\145\160\377\011}{subsection.1.6}% 14
\BOOKMARK [1][-]{section.2}{\376\377\220\073\217\221\126\336\137\122\145\160\133\146\123\237\164\006\155\361\136\246\211\343\147\220}{}% 15
\BOOKMARK [2][-]{subsection.2.1}{\376\377\220\073\217\221\126\336\137\122\166\204\166\356\150\007}{section.2}% 16
\BOOKMARK [2][-]{subsection.2.2}{\376\377\176\277\140\047\176\304\124\010\377\032\000w\000T\000\040\000x\000\040\000+\000\040\000b}{section.2}% 17
\BOOKMARK [2][-]{subsection.2.3}{\376\377\120\117\177\156\230\171\000\040\000b\000\040\166\204\117\134\165\050}{section.2}% 18
\BOOKMARK [2][-]{subsection.2.4}{\376\377\116\316\176\277\140\047\152\041\127\213\122\060\151\202\163\207\152\041\127\213}{section.2}% 19
\BOOKMARK [2][-]{subsection.2.5}{\376\377\123\302\145\160\000\040\000w\000\040\124\214\000\040\000b\000\040\166\204\133\146\116\140\217\307\172\013}{section.2}% 20
\BOOKMARK [3][-]{subsubsection.2.5.1}{\376\377\213\255\176\303\145\160\143\156}{subsection.2.5}% 21
\BOOKMARK [3][-]{subsubsection.2.5.2}{\376\377\152\041\127\213\230\204\155\113}{subsection.2.5}% 22
\BOOKMARK [3][-]{subsubsection.2.5.3}{\376\377\143\137\131\061\121\375\145\160}{subsection.2.5}% 23
\BOOKMARK [3][-]{subsubsection.2.5.4}{\376\377\123\302\145\160\117\030\123\026}{subsection.2.5}% 24
\BOOKMARK [1][-]{section.3}{\376\377\150\257\136\246\116\013\226\115\123\237\164\006\213\346\211\343}{}% 25
\BOOKMARK [2][-]{subsection.3.1}{\376\377\166\364\211\311\164\006\211\343}{section.3}% 26
\BOOKMARK [2][-]{subsection.3.2}{\376\377\150\257\136\246\116\013\226\115\140\035\215\357}{section.3}% 27
\BOOKMARK [2][-]{subsection.3.3}{\376\377\145\160\133\146\211\343\221\312}{section.3}% 28
\BOOKMARK [2][-]{subsection.3.4}{\376\377\133\146\116\140\163\207\000\040}{section.3}% 29
\BOOKMARK [2][-]{subsection.3.5}{\376\377\150\257\136\246\116\013\226\115\171\072\117\213}{section.3}% 30
\BOOKMARK [2][-]{subsection.3.6}{\376\377\220\073\217\221\126\336\137\122\116\055\166\204\150\257\136\246\121\154\137\017}{section.3}% 31
\BOOKMARK [2][-]{subsection.3.7}{\376\377\150\070\137\303\151\202\137\365\140\073\176\323}{section.3}% 32
